{
  "RSpec": {
    "coverage": {
      "/Users/samjohnson/Desktop/Makers_Programs/Week10/Bank/spec/account_spec.rb": [
        1,
        null,
        1,
        null,
        6,
        null,
        1,
        1,
        null,
        null,
        1,
        1,
        null,
        null,
        1,
        null,
        1,
        4,
        null,
        null,
        null,
        1,
        null,
        1,
        1,
        4,
        null,
        null,
        1,
        2,
        null,
        null,
        null,
        null,
        null
      ],
      "/Users/samjohnson/Desktop/Makers_Programs/Week10/Bank/lib/account.rb": [
        1,
        1,
        null,
        null,
        1,
        5,
        5,
        null,
        null,
        1,
        2,
        null,
        null,
        1,
        2,
        1,
        null,
        null,
        null,
        null
      ]
    },
    "timestamp": 1517236206
  }
}
