{
  "RSpec": {
    "coverage": {
      "/Users/samjohnson/Desktop/Makers_Programs/Week10/Bank/spec/account_spec.rb": [
        null,
        null,
        1,
        null,
        6,
        null,
        1,
        1,
        null,
        null,
        1,
        1,
        null,
        null,
        1,
        null,
        1,
        4,
        null,
        null,
        null,
        1,
        null,
        1,
        1,
        4,
        null,
        null,
        1,
        2,
        null,
        null,
        null,
        null,
        null
      ],
      "/Users/samjohnson/Desktop/Makers_Programs/Week10/Bank/spec/transaction_spec.rb": [
        null,
        null,
        null,
        1,
        1,
        3,
        null,
        1,
        1,
        null,
        null,
        1,
        1,
        null,
        null
      ]
    },
    "timestamp": 1517239107
  }
}
